<?xml version="1.0" encoding="UTF-8"?>
<!-- Generated by org.testng.reporters.JUnitXMLReporter -->
<testsuite ignored="0" hostname="LAPTOP-QR6HAS8M" failures="0" tests="3" name="Test" time="25.879" errors="0" timestamp="2022-08-23T18:33:49 IST">
  <testcase classname="test.BusAvailablityAddEditTest" name="availablityByAdmin" time="9.891"/>
  <testcase classname="test.BusAvailablityAddEditTest" name="availablityByCustomer" time="3.261"/>
  <testcase classname="test.BusAvailablityTest" name="searchBusAvaiablity" time="1.834"/>
</testsuite> <!-- Test -->
